<?xml version="1.0" encoding="UTF-8"?>
<testsuite xmlns:xsi="http://www.w3.org/2001/XMLSchema-instance" xsi:noNamespaceSchemaLocation="https://maven.apache.org/surefire/maven-surefire-plugin/xsd/surefire-test-report-3.0.xsd" version="3.0" name="org.example.controller.PrimeControllerTest" time="3.413" tests="4" errors="0" skipped="0" failures="0">
  <properties>
[...]
</properties>
  <testcase name="validatePrime_WhenNumberIsNotPrime_ShouldReturnSuccessResponse" classname="org.example.controller.PrimeControllerTest" time="3.001"/>
  <testcase name="validatePrime_WhenNumberIsPrime_ShouldReturnSuccessResponse" classname="org.example.controller.PrimeControllerTest" time="0.005"/>
  <testcase name="validatePrime_WhenInputIsEmpty_ShouldReturnSuccessResponse" classname="org.example.controller.PrimeControllerTest" time="0.007"/>
  <testcase name="validatePrime_WhenInputIsInvalid_ShouldReturnSuccessResponse" classname="org.example.controller.PrimeControllerTest" time="0.005"/>
</testsuite>